[debug] [2023-12-11T17:57:27.295Z] ----------------------------------------------------------------------
[debug] [2023-12-11T17:57:27.296Z] Command:       C:\Program Files\nodejs\node.exe C:\Users\inmar\AppData\Roaming\npm\node_modules\firebase-tools\lib\bin\firebase.js init hosting
[debug] [2023-12-11T17:57:27.297Z] CLI Version:   12.4.3
[debug] [2023-12-11T17:57:27.297Z] Platform:      win32
[debug] [2023-12-11T17:57:27.297Z] Node Version:  v18.16.0
[debug] [2023-12-11T17:57:27.298Z] Time:          Mon Dec 11 2023 11:57:27 GMT-0600 (Central Standard Time)
[debug] [2023-12-11T17:57:27.298Z] ----------------------------------------------------------------------
[debug] 
[debug] [2023-12-11T17:57:27.304Z] > command requires scopes: ["email","openid","https://www.googleapis.com/auth/cloudplatformprojects.readonly","https://www.googleapis.com/auth/firebase","https://www.googleapis.com/auth/cloud-platform"]
[debug] [2023-12-11T17:57:27.304Z] > authorizing via signed-in user (arturoargueta4@gmail.com)
[info] 
     ######## #### ########  ######## ########     ###     ######  ########
     ##        ##  ##     ## ##       ##     ##  ##   ##  ##       ##
     ######    ##  ########  ######   ########  #########  ######  ######
     ##        ##  ##    ##  ##       ##     ## ##     ##       ## ##
     ##       #### ##     ## ######## ########  ##     ##  ######  ########

You're about to initialize a Firebase project in this directory:

  E:\Personal\InnovaPC\inova-pc-web-app

[info] 
=== Project Setup
[info] 
[info] First, let's associate this project directory with a Firebase project.
[info] You can create multiple project aliases by running firebase use --add, 
[info] but for now we'll just set up a default project.
[info] 
[debug] [2023-12-11T17:57:32.242Z] >>> [apiv2][query] GET https://firebase.googleapis.com/v1beta1/projects pageSize=100
[debug] [2023-12-11T17:57:32.733Z] <<< [apiv2][status] GET https://firebase.googleapis.com/v1beta1/projects 200
[debug] [2023-12-11T17:57:32.733Z] <<< [apiv2][body] GET https://firebase.googleapis.com/v1beta1/projects [omitted]
[info] i  Using project innovapc-9a2bd (innovaPC) 
[info] 
=== Hosting Setup
[info] 
[info] i  Detected a .git folder at E:\Personal\InnovaPC\inova-pc-web-app 
[info] i  Authorizing with GitHub to upload your service account to a GitHub repository's secrets store. 
[info] 
[info] Visit this URL on this device to log in:
[info] https://github.com/login/oauth/authorize?client_id=89cf50f02ac6aaed3484&state=282130977&redirect_uri=http%3A%2F%2Flocalhost%3A9005&scope=read%3Auser%20repo%20public_repo
[info] 
[info] Waiting for authentication...
[debug] [2023-12-11T18:00:04.170Z] >>> [apiv2][query] POST https://github.com/login/oauth/access_token [none]
[debug] [2023-12-11T18:00:04.170Z] >>> [apiv2][body] POST https://github.com/login/oauth/access_token [stream]
[debug] [2023-12-11T18:00:04.579Z] <<< [apiv2][status] POST https://github.com/login/oauth/access_token 200
[debug] [2023-12-11T18:00:04.579Z] <<< [apiv2][body] POST https://github.com/login/oauth/access_token {"access_token":"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","token_type":"bearer","scope":"read:user,repo"}
[debug] [2023-12-11T18:00:04.592Z] >>> [apiv2][query] GET https://api.github.com/user [none]
[debug] [2023-12-11T18:00:05.019Z] <<< [apiv2][status] GET https://api.github.com/user 200
[debug] [2023-12-11T18:00:05.020Z] <<< [apiv2][body] GET https://api.github.com/user {"login":"ShadowInsurgency","id":127450651,"node_id":"U_kgDOB5i-Gw","avatar_url":"https://avatars.githubusercontent.com/u/127450651?v=4","gravatar_id":"","url":"https://api.github.com/users/ShadowInsurgency","html_url":"https://github.com/ShadowInsurgency","followers_url":"https://api.github.com/users/ShadowInsurgency/followers","following_url":"https://api.github.com/users/ShadowInsurgency/following{/other_user}","gists_url":"https://api.github.com/users/ShadowInsurgency/gists{/gist_id}","starred_url":"https://api.github.com/users/ShadowInsurgency/starred{/owner}{/repo}","subscriptions_url":"https://api.github.com/users/ShadowInsurgency/subscriptions","organizations_url":"https://api.github.com/users/ShadowInsurgency/orgs","repos_url":"https://api.github.com/users/ShadowInsurgency/repos","events_url":"https://api.github.com/users/ShadowInsurgency/events{/privacy}","received_events_url":"https://api.github.com/users/ShadowInsurgency/received_events","type":"User","site_admin":false,"name":"Arthur Argueta","company":null,"blog":"","location":null,"email":null,"hireable":null,"bio":null,"twitter_username":null,"public_repos":0,"public_gists":0,"followers":0,"following":0,"created_at":"2023-03-09T21:58:45Z","updated_at":"2023-12-11T17:56:59Z","private_gists":0,"total_private_repos":1,"owned_private_repos":1,"disk_usage":0,"collaborators":0,"two_factor_authentication":false,"plan":{"name":"free","space":976562499,"collaborators":0,"private_repos":10000}}
[info] 
[info] +  Success! Logged into GitHub as ShadowInsurgency 
[info] 
